error: unknown start of token: `
  --> <stdin>:86:23
   |
86 |             do_parse!(``
   |                       ^
   |
help: Unicode character '`' (Grave Accent) looks like ''' (Single Quote), but it is not
   |
86 |             do_parse!('`
   |                       ^

error: unknown start of token: `
  --> <stdin>:86:24
   |
86 |             do_parse!(``
   |                        ^
   |
help: Unicode character '`' (Grave Accent) looks like ''' (Single Quote), but it is not
   |
86 |             do_parse!(`'
   |                        ^

error: unknown start of token: `
  --> <stdin>:86:23
   |
86 |             do_parse!(``
   |                       ^
   |
help: Unicode character '`' (Grave Accent) looks like ''' (Single Quote), but it is not
   |
86 |             do_parse!('`
   |                       ^

error: unknown start of token: `
  --> <stdin>:86:24
   |
86 |             do_parse!(``
   |                        ^
   |
help: Unicode character '`' (Grave Accent) looks like ''' (Single Quote), but it is not
   |
86 |             do_parse!(`'
   |                        ^

